<?xml version="1.0" encoding="UTF-8"?>
<testng-results ignored="0" total="3" passed="3" failed="0" skipped="0">
  <reporter-output>
  </reporter-output>
  <suite started-at="2020-07-31T14:24:10Z" name="Default suite" finished-at="2020-07-31T14:24:28Z" duration-ms="17638">
    <groups>
    </groups>
    <test started-at="2020-07-31T14:24:10Z" name="Default test" finished-at="2020-07-31T14:24:28Z" duration-ms="17638">
      <class name="org.testnglearners.invoc">
        <test-method signature="Param()[pri:0, instance:org.testnglearners.invoc@402e37bc]" started-at="2020-07-31T19:54:10Z" name="Param" finished-at="2020-07-31T19:54:28Z" duration-ms="17544" status="PASS">
          <reporter-output>
          </reporter-output>
        </test-method> <!-- Param -->
        <test-method signature="Param()[pri:0, instance:org.testnglearners.invoc@402e37bc]" started-at="2020-07-31T19:54:10Z" name="Param" finished-at="2020-07-31T19:54:28Z" duration-ms="17572" status="PASS">
          <reporter-output>
          </reporter-output>
        </test-method> <!-- Param -->
        <test-method signature="Param()[pri:0, instance:org.testnglearners.invoc@402e37bc]" started-at="2020-07-31T19:54:10Z" name="Param" finished-at="2020-07-31T19:54:27Z" duration-ms="17323" status="PASS">
          <reporter-output>
          </reporter-output>
        </test-method> <!-- Param -->
      </class> <!-- org.testnglearners.invoc -->
    </test> <!-- Default test -->
  </suite> <!-- Default suite -->
</testng-results>
