<?xml version="1.0" encoding="UTF-8"?>
<!-- Generated by org.testng.reporters.JUnitXMLReporter -->
<testsuite ignored="0" hostname="DESKTOP-8K3C7AT" failures="0" tests="3" name="Default test" time="17.638" errors="0" timestamp="31 Jul 2020 14:24:28 GMT">
  <testcase classname="org.testnglearners.invoc" name="Param" time="17.323"/>
  <testcase classname="org.testnglearners.invoc" name="Param" time="17.544"/>
  <testcase classname="org.testnglearners.invoc" name="Param" time="17.572"/>
</testsuite> <!-- Default test -->
